<?xml version="1.0" encoding="UTF-8" ?>
<testsuite tests="2" failures="2" name="uax.examen4.Halting_Problem.Controlador.ControladorGenericoTest" time="0.002" errors="0" skipped="0">
  <properties>
    <property name="idea.version" value="2024.1"/>
    <property name="java.runtime.name" value="OpenJDK Runtime Environment"/>
    <property name="java.vm.version" value="21.0.2+13-58"/>
    <property name="sun.boot.library.path" value="C:\Users\Marcosss\.jdks\openjdk-21.0.2\bin"/>
    <property name="maven.multiModuleProjectDirectory" value="C:\Users\Marcosss\Documents\GitHub\Tema3-Condicionales-MarcosGB\Tema3-Condicionales-MarcosGB\Marcos_GB-4-Prueba-de-Evaluacion-Continua-29-4-2024"/>
    <property name="java.vm.vendor" value="Oracle Corporation"/>
    <property name="java.vendor.url" value="https://java.oracle.com/"/>
    <property name="guice.disable.misplaced.annotation.check" value="true"/>
    <property name="path.separator" value=";"/>
    <property name="java.vm.name" value="OpenJDK 64-Bit Server VM"/>
    <property name="sun.os.patch.level" value=""/>
    <property name="user.script" value=""/>
    <property name="user.country" value="ES"/>
    <property name="sun.java.launcher" value="SUN_STANDARD"/>
    <property name="java.vm.specification.name" value="Java Virtual Machine Specification"/>
    <property name="user.dir" value="C:\Users\Marcosss\Documents\GitHub\Tema3-Condicionales-MarcosGB\Tema3-Condicionales-MarcosGB\Marcos_GB-4-Prueba-de-Evaluacion-Continua-29-4-2024"/>
    <property name="java.vm.compressedOopsMode" value="32-bit"/>
    <property name="java.runtime.version" value="21.0.2+13-58"/>
    <property name="os.arch" value="amd64"/>
    <property name="java.io.tmpdir" value="C:\Users\Marcosss\AppData\Local\Temp\"/>
    <property name="line.separator" value="
"/>
    <property name="java.vm.specification.vendor" value="Oracle Corporation"/>
    <property name="user.variant" value=""/>
    <property name="stderr.encoding" value="UTF-8"/>
    <property name="os.name" value="Windows 11"/>
    <property name="maven.ext.class.path" value="C:\Users\Marcosss\AppData\Local\Programs\IntelliJ IDEA Ultimate\plugins\maven\lib\maven-event-listener.jar"/>
    <property name="classworlds.conf" value="C:\Users\Marcosss\.m2\wrapper\dists\apache-maven-3.8.5-bin\5i5jha092a3i37g0paqnfr15e0\apache-maven-3.8.5\bin\m2.conf"/>
    <property name="sun.jnu.encoding" value="Cp1252"/>
    <property name="stdout.encoding" value="UTF-8"/>
    <property name="java.library.path" value="C:\Users\Marcosss\.jdks\openjdk-21.0.2\bin;C:\WINDOWS\Sun\Java\bin;C:\WINDOWS\system32;C:\WINDOWS;C:\Program Files\Google\Chrome\Application;C:\Program Files\Python312\Scripts\;C:\Program Files\Python312\;C:\WINDOWS\system32;C:\WINDOWS;C:\WINDOWS\System32\Wbem;C:\WINDOWS\System32\WindowsPowerShell\v1.0\;C:\WINDOWS\System32\OpenSSH\;C:\Program Files\dotnet\;C:\Program Files\Git\cmd;C:\Program Files\nodejs\;C:\Users\Marcosss\AppData\Local\Microsoft\WindowsApps;C:\Users\Marcosss\AppData\Local\JetBrains\Toolbox\scripts;C:\Users\Marcosss\AppData\Local\Microsoft\WindowsApps;C:\Users\Marcosss\AppData\Local\GitHubDesktop\bin;C:\Users\Marcosss\AppData\Roaming\Python\Python312\Scripts;C:\Users\Marcosss\AppData\Roaming\npm;."/>
    <property name="jansi.passthrough" value="true"/>
    <property name="maven.conf" value="C:\Users\Marcosss\.m2\wrapper\dists\apache-maven-3.8.5-bin\5i5jha092a3i37g0paqnfr15e0\apache-maven-3.8.5/conf"/>
    <property name="jdk.debug" value="release"/>
    <property name="java.class.version" value="65.0"/>
    <property name="java.specification.name" value="Java Platform API Specification"/>
    <property name="sun.management.compiler" value="HotSpot 64-Bit Tiered Compilers"/>
    <property name="os.version" value="10.0"/>
    <property name="user.home" value="C:\Users\Marcosss"/>
    <property name="user.timezone" value="Europe/Madrid"/>
    <property name="file.encoding" value="UTF-8"/>
    <property name="java.specification.version" value="21"/>
    <property name="user.name" value="Marcosss"/>
    <property name="java.class.path" value="C:\Users\Marcosss\.m2\wrapper\dists\apache-maven-3.8.5-bin\5i5jha092a3i37g0paqnfr15e0\apache-maven-3.8.5\boot\plexus-classworlds-2.6.0.jar;C:\Users\Marcosss\.m2\wrapper\dists\apache-maven-3.8.5-bin\5i5jha092a3i37g0paqnfr15e0\apache-maven-3.8.5\boot\plexus-classworlds.license"/>
    <property name="java.vm.specification.version" value="21"/>
    <property name="sun.arch.data.model" value="64"/>
    <property name="sun.java.command" value="org.codehaus.classworlds.Launcher -Didea.version=2024.1 test"/>
    <property name="java.home" value="C:\Users\Marcosss\.jdks\openjdk-21.0.2"/>
    <property name="user.language" value="es"/>
    <property name="java.specification.vendor" value="Oracle Corporation"/>
    <property name="java.vm.info" value="mixed mode, sharing"/>
    <property name="java.version" value="21.0.2"/>
    <property name="native.encoding" value="Cp1252"/>
    <property name="java.vendor" value="Oracle Corporation"/>
    <property name="sun.stderr.encoding" value="UTF-8"/>
    <property name="maven.home" value="C:\Users\Marcosss\.m2\wrapper\dists\apache-maven-3.8.5-bin\5i5jha092a3i37g0paqnfr15e0\apache-maven-3.8.5"/>
    <property name="file.separator" value="\"/>
    <property name="java.version.date" value="2024-01-16"/>
    <property name="java.vendor.url.bug" value="https://bugreport.java.com/bugreport/"/>
    <property name="sun.io.unicode.encoding" value="UnicodeLittle"/>
    <property name="sun.cpu.endian" value="little"/>
    <property name="sun.stdout.encoding" value="UTF-8"/>
    <property name="sun.cpu.isalist" value="amd64"/>
  </properties>
  <testcase classname="uax.examen4.Halting_Problem.Controlador.ControladorGenericoTest" name="uax.examen4.Halting_Problem.Controlador.ControladorGenericoTest.testImprimirHora" time="0.002">
    <failure message="Cannot invoke &quot;uax.examen4.Halting_Problem.Controlador.ControladorGenerico.imprimirHora()&quot; because &quot;this.controlador&quot; is null" type="java.lang.NullPointerException">java.lang.NullPointerException: Cannot invoke &quot;uax.examen4.Halting_Problem.Controlador.ControladorGenerico.imprimirHora()&quot; because &quot;this.controlador&quot; is null
	at uax.examen4.Halting_Problem.Controlador.ControladorGenericoTest.testImprimirHora(ControladorGenericoTest.java:43)
</failure>
  </testcase>
  <testcase classname="uax.examen4.Halting_Problem.Controlador.ControladorGenericoTest" name="uax.examen4.Halting_Problem.Controlador.ControladorGenericoTest.testOrdenar" time="0">
    <failure message="Cannot invoke &quot;uax.examen4.Halting_Problem.Controlador.ControladorGenerico.ordenar(java.util.List)&quot; because &quot;this.controlador&quot; is null" type="java.lang.NullPointerException">java.lang.NullPointerException: Cannot invoke &quot;uax.examen4.Halting_Problem.Controlador.ControladorGenerico.ordenar(java.util.List)&quot; because &quot;this.controlador&quot; is null
	at uax.examen4.Halting_Problem.Controlador.ControladorGenericoTest.testOrdenar(ControladorGenericoTest.java:33)
</failure>
  </testcase>
</testsuite>